2015/09/14 20:44:06 にビルドを開始しました。
     1>ノード 2 上のプロジェクト "C:\Users\Tanaka\Documents\Visual Studio 2013\Projects\OpenOrigami\OpenOrigami\OpenOrigami.vcxproj" (Build ターゲット)。
     1>ClCompile:
         C:\Program Files (x86)\Microsoft Visual Studio 12.0\VC\bin\CL.exe /c /AI"C:\Program Files (x86)\Reference Assemblies\Microsoft\Framework\.NETFramework\v4.0" /AI"C:\Program Files (x86)\Windows Kits\8.1\References\CommonConfiguration\Neutral" /Zi /clr /nologo /W3 /WX- /sdl /Od /Oy- /D _MBCS /EHa /MDd /GS /fp:precise /Zc:wchar_t /Zc:forScope /Fo"Debug\\" /Fd"Debug\vc120.pdb" /TP /FU"C:\Program Files (x86)\Reference Assemblies\Microsoft\Framework\.NETFramework\v4.0\mscorlib.dll" /FU"C:\Program Files (x86)\Reference Assemblies\Microsoft\Framework\.NETFramework\v4.0\System.Data.dll" /FU"C:\Program Files (x86)\Reference Assemblies\Microsoft\Framework\.NETFramework\v4.0\System.dll" /FU"C:\Program Files (x86)\Reference Assemblies\Microsoft\Framework\.NETFramework\v4.0\System.Drawing.dll" /FU"C:\Program Files (x86)\Reference Assemblies\Microsoft\Framework\.NETFramework\v4.0\System.Windows.Forms.dll" /FU"C:\Program Files (x86)\Reference Assemblies\Microsoft\Framework\.NETFramework\v4.0\System.Xml.dll" /analyze- /errorReport:prompt /clr:nostdlib Picking.cpp
         Picking.cpp
     1>Picking.cpp(35): warning C4305: '引数' : 'double' から 'GLfloat' へ切り詰めます。
     1>Picking.cpp(98): warning C4244: '引数' : 'double' から 'GLfloat' への変換です。データが失われる可能性があります。
       Link:
         C:\Program Files (x86)\Microsoft Visual Studio 12.0\VC\bin\link.exe /ERRORREPORT:PROMPT /OUT:"C:\Users\Tanaka\Documents\Visual Studio 2013\Projects\OpenOrigami\Debug\OpenOrigami.exe" /INCREMENTAL /NOLOGO kernel32.lib user32.lib gdi32.lib winspool.lib comdlg32.lib advapi32.lib shell32.lib ole32.lib oleaut32.lib uuid.lib odbc32.lib odbccp32.lib /MANIFEST /MANIFESTUAC:"level='asInvoker' uiAccess='false'" /manifest:embed /DEBUG /PDB:"C:\Users\Tanaka\Documents\Visual Studio 2013\Projects\OpenOrigami\Debug\OpenOrigami.pdb" /ASSEMBLYDEBUG /TLBID:1 /DYNAMICBASE /FIXED:NO /NXCOMPAT /MACHINE:X86 Debug\Face.obj
         Debug\glutwindow.obj
         Debug\Halfedge.obj
         Debug\main.obj
         Debug\Model.obj
         Debug\Picking.obj
         Debug\ReconstructModel.obj
         Debug\SpringEdge.obj
         Debug\SpringSimulator.obj
         Debug\SpringVertex.obj
         Debug\MyVector3d.obj
         Debug\Vertex.obj
         "Debug\.NETFramework,Version=v4.0.AssemblyAttributes.obj"
         OpenOrigami.vcxproj -> C:\Users\Tanaka\Documents\Visual Studio 2013\Projects\OpenOrigami\Debug\OpenOrigami.exe
     1>プロジェクト "C:\Users\Tanaka\Documents\Visual Studio 2013\Projects\OpenOrigami\OpenOrigami\OpenOrigami.vcxproj" (Build ターゲット) のビルドが完了しました。

ビルドに成功しました。

経過時間 00:00:02.34
